<?xml version="1.0" encoding="UTF-8"?>
<!-- Generated by org.testng.reporters.JUnitXMLReporter -->
<testsuite hostname="US-PF2006KK" ignored="0" name="Test" tests="7" failures="1" timestamp="30 Jan 2022 13:24:04 GMT" time="4.053" errors="0">
  <testcase name="testCase1" time="3.064" classname="org.testing.testScript.TC1">
    <failure type="java.lang.AssertionError" message="ts match expected [200] but found [201]">
      <![CDATA[java.lang.AssertionError: ts match expected [200] but found [201]
	at org.testing.Responcevalidation.ResponceValidation.statusCodevalidation(ResponceValidation.java:20)
	at org.testing.testScript.TC1.testCase1(TC1.java:38)
... Removed 30 stack frames]]>
    </failure>
  </testcase> <!-- testCase1 -->
  <testcase name="testCase2" time="0.75" classname="org.testing.testScript.TC2"/>
  <testcase name="testCase3" time="0.054" classname="org.testing.testScript.TC3"/>
  <testcase name="testCase4" time="0.064" classname="org.testing.testScript.TC4"/>
  <testcase name="testCase5" time="0.049" classname="org.testing.testScript.TC5"/>
  <testcase name="testCase6" time="0.031" classname="org.testing.testScript.TC6"/>
  <testcase name="testCase7" time="0.004" classname="org.testing.testScript.TC7"/>
</testsuite> <!-- Test -->
